2020.10.13 13:40:09 INFO  started: Metals version 0.9.4 in workspace '/home/forerunner/Git/doing-now' for client vscode.
2020.10.13 13:40:10 INFO  time: initialize in 0.93s
2020.10.13 13:40:11 WARN  no build tool detected in workspace '/home/forerunner/Git/doing-now'. The most common cause for this problem is that the editor was opened in the wrong working directory, for example if you use sbt then the workspace directory should contain build.sbt. 
2020.10.13 13:40:14 INFO  no build target: using presentation compiler with only scala-library
2020.10.13 13:40:14 WARN  no build target for: /home/forerunner/Git/doing-now/scala_test/main.sc
2020.10.13 13:40:18 WARN  no build tool detected in workspace '/home/forerunner/Git/doing-now'. The most common cause for this problem is that the editor was opened in the wrong working directory, for example if you use sbt then the workspace directory should contain build.sbt. 
2020.10.13 13:40:18 WARN  no build tool detected in workspace '/home/forerunner/Git/doing-now'. The most common cause for this problem is that the editor was opened in the wrong working directory, for example if you use sbt then the workspace directory should contain build.sbt. 
2020.10.13 13:40:18 WARN  no build tool detected in workspace '/home/forerunner/Git/doing-now'. The most common cause for this problem is that the editor was opened in the wrong working directory, for example if you use sbt then the workspace directory should contain build.sbt. 
2020.10.13 13:40:25 WARN  no build target for: /home/forerunner/Git/doing-now/scala_test/main.sc
2020.10.13 13:41:07 WARN  no build tool detected in workspace '/home/forerunner/Git/doing-now'. The most common cause for this problem is that the editor was opened in the wrong working directory, for example if you use sbt then the workspace directory should contain build.sbt. 
2020.10.13 13:41:07 WARN  no build tool detected in workspace '/home/forerunner/Git/doing-now'. The most common cause for this problem is that the editor was opened in the wrong working directory, for example if you use sbt then the workspace directory should contain build.sbt. 
2020.10.13 13:41:07 WARN  no build tool detected in workspace '/home/forerunner/Git/doing-now'. The most common cause for this problem is that the editor was opened in the wrong working directory, for example if you use sbt then the workspace directory should contain build.sbt. 
2020.10.13 13:41:12 WARN  no build target for: /home/forerunner/Git/doing-now/scala_test/main.sc
2020.10.13 13:41:36 WARN  no build target for: /home/forerunner/Git/doing-now/scala_test/main.sc
Oct 13, 2020 1:41:55 PM org.eclipse.lsp4j.jsonrpc.services.GenericEndpoint notify
INFO: Unsupported notification method: $/setTraceNotification
2020.10.13 13:41:57 WARN  no build tool detected in workspace '/home/forerunner/Git/doing-now'. The most common cause for this problem is that the editor was opened in the wrong working directory, for example if you use sbt then the workspace directory should contain build.sbt. 
java.lang.NullPointerException
	at scala.meta.internal.metals.ammonite.Ammonite.$anonfun$maybeImport$3(Ammonite.scala:207)
	at scala.meta.internal.metals.ammonite.Ammonite.$anonfun$maybeImport$3$adapted(Ammonite.scala:204)
	at scala.concurrent.impl.CallbackRunnable.run(Promise.scala:64)
	at java.base/java.util.concurrent.ThreadPoolExecutor.runWorker(ThreadPoolExecutor.java:1128)
	at java.base/java.util.concurrent.ThreadPoolExecutor$Worker.run(ThreadPoolExecutor.java:628)
	at java.base/java.lang.Thread.run(Thread.java:834)
2020.10.13 13:52:15 INFO  shutting down Metals
2020.10.13 14:27:04 INFO  started: Metals version 0.9.4 in workspace '/home/forerunner/Git/doing-now' for client vscode.
2020.10.13 14:27:05 INFO  time: initialize in 1.07s
2020.10.13 14:27:05 WARN  no build tool detected in workspace '/home/forerunner/Git/doing-now'. The most common cause for this problem is that the editor was opened in the wrong working directory, for example if you use sbt then the workspace directory should contain build.sbt. 
2020.10.13 14:27:07 INFO  no build target: using presentation compiler with only scala-library
2020.10.13 14:27:07 WARN  no build target for: /home/forerunner/Git/doing-now/scala_test/lazy.sc
2020.10.13 14:27:07 WARN  no build target for: /home/forerunner/Git/doing-now/scala_test/lazy.sc
Oct 13, 2020 2:27:07 PM org.eclipse.lsp4j.jsonrpc.RemoteEndpoint handleCancellation
WARNING: Unmatched cancel notification for request id 3
2020.10.13 14:27:09 WARN  no build target for: /home/forerunner/Git/doing-now/scala_test/lazy.sc
2020.10.13 14:27:11 WARN  no build target for: /home/forerunner/Git/doing-now/scala_test/main.sc
java.lang.NullPointerException
	at scala.meta.internal.metals.ammonite.Ammonite.$anonfun$maybeImport$3(Ammonite.scala:207)
	at scala.meta.internal.metals.ammonite.Ammonite.$anonfun$maybeImport$3$adapted(Ammonite.scala:204)
	at scala.concurrent.impl.CallbackRunnable.run(Promise.scala:64)
	at java.base/java.util.concurrent.ThreadPoolExecutor.runWorker(ThreadPoolExecutor.java:1128)
	at java.base/java.util.concurrent.ThreadPoolExecutor$Worker.run(ThreadPoolExecutor.java:628)
	at java.base/java.lang.Thread.run(Thread.java:834)
2020.10.13 14:27:23 WARN  no build target for: /home/forerunner/Git/doing-now/scala_test/lazy.sc
2020.10.13 14:27:29 WARN  no build target for: /home/forerunner/Git/doing-now/scala_test/lazy.sc
2020.10.13 14:27:36 WARN  no build target for: /home/forerunner/Git/doing-now/scala_test/lazy.sc
2020.10.13 14:27:36 WARN  no build target for: /home/forerunner/Git/doing-now/scala_test/lazy.sc
2020.10.13 14:27:45 WARN  no build target for: /home/forerunner/Git/doing-now/scala_test/lazy.sc
2020.10.13 14:27:48 WARN  no build target for: /home/forerunner/Git/doing-now/scala_test/lazy.sc
2020.10.13 14:27:52 WARN  no build target for: /home/forerunner/Git/doing-now/scala_test/lazy.sc
2020.10.13 14:30:28 WARN  no build target for: /home/forerunner/Git/doing-now/scala_test/lazy.sc
2020.10.13 14:31:28 WARN  no build target for: /home/forerunner/Git/doing-now/scala_test/lazy.sc
2020.10.13 14:31:29 WARN  no build target for: /home/forerunner/Git/doing-now/scala_test/lazy.sc
2020.10.13 14:45:50 WARN  no build tool detected in workspace '/home/forerunner/Git/doing-now'. The most common cause for this problem is that the editor was opened in the wrong working directory, for example if you use sbt then the workspace directory should contain build.sbt. 
2020.10.13 14:45:52 WARN  no build target for: /home/forerunner/Git/doing-now/scala_test/lazy.sc
2020.10.13 14:50:38 INFO  shutting down Metals
